<?xml version="1.0" encoding="UTF-8"?>
<Site BuildName="Linux-g++"
	BuildStamp="20231028-0544-Experimental"
	Name="HonorMB-i1024"
	Generator="ctest-3.22.1"
	CompilerName="/usr/bin/g++"
	CompilerVersion="11.4.0"
	OSName="Linux"
	Hostname="HonorMB-i1024"
	OSRelease="5.15.0-87-generic"
	OSVersion="#97-Ubuntu SMP Mon Oct 2 21:09:21 UTC 2023"
	OSPlatform="x86_64"
	Is64Bits="1"
	VendorString="AuthenticAMD"
	VendorID="Advanced Micro Devices"
	FamilyID="23"
	ModelID="24"
	ProcessorCacheSize="512"
	NumberOfLogicalCPU="8"
	NumberOfPhysicalCPU="4"
	TotalVirtualMemory="2047"
	TotalPhysicalMemory="6862"
	LogicalProcessorsPerPhysical="2"
	ProcessorClockFrequency="2420.68"
	>
	<Testing>
		<StartDateTime>Oct 28 18:24 +05</StartDateTime>
		<StartTestTime>1698499465</StartTestTime>
		<TestList/>
		<EndDateTime>Oct 28 18:24 +05</EndDateTime>
		<EndTestTime>1698499465</EndTestTime>
		<ElapsedMinutes>0</ElapsedMinutes>
	</Testing>
</Site>
